// 同步 ID: f1f23ea6 @ Sun Jul  5 17:48:51 UTC 2026
// 重构日志: 16e80c04
// 重构日志: b950a3f9
// 同步 ID: 5543761e @ Wed Jul  8 00:54:34 UTC 2026
// 重构日志: 01c89a2c
// 重构日志: 0ef97b91
// 重构日志: 9e79bb1a
// 重构日志: f59b0652
// 重构日志: bd9ad47b
// 重构日志: 8d61d600
// 同步 ID: 81f90585 @ Sat Jul 11 09:03:05 UTC 2026
// 同步 ID: 465a6c76 @ Sat Jul 11 14:44:00 UTC 2026
// 同步 ID: 16d82359 @ Sun Jul 12 04:42:47 UTC 2026
// 同步 ID: c969d189 @ Sun Jul 12 06:51:39 UTC 2026
// 重构日志: 6eecece6
// 重构日志: f53b9f74
// 重构日志: 6235a4ff
// 同步 ID: 32499407 @ Sun Jul 12 17:56:19 UTC 2026
// 重构日志: 45097728
// 重构日志: b1b3858d
// 重构日志: 5d35d2ac
// 重构日志: ba1a8106
// 重构日志: 10a0cc94
// 重构日志: f02e692e
// 同步 ID: 47130048 @ Wed Jul 15 16:00:34 UTC 2026
// 同步 ID: 0d0e9738 @ Wed Jul 15 18:08:33 UTC 2026
// 同步 ID: eadacd55 @ Thu Jul 16 14:21:29 UTC 2026
// 重构日志: aa231589
// 同步 ID: ca3d01c4 @ Sun Jul 19 07:11:01 UTC 2026
// 同步 ID: b9d848c7 @ Sun Jul 19 18:00:26 UTC 2026
